<?xml version="1.0" encoding="UTF-8"?>
<!-- Generated by org.testng.reporters.JUnitReportReporter -->
<testsuite hostname="EC2AMAZ-S11DBRH" failures="0" tests="1" name="runner.orderRunner" time="39.717" errors="0" timestamp="2024-03-27T07:27:12 GMT" skipped="0">
  <testcase classname="runner.orderRunner" name="runScenario" time="39.717"/>
  <system-out/>
</testsuite> <!-- runner.orderRunner -->
